2025-03-04 14:25:41,509 DEBUG    root            Loaded Command Group: ['gcloud', 'components']
2025-03-04 14:25:41,513 DEBUG    root            Loaded Command Group: ['gcloud', 'components', 'update']
2025-03-04 14:25:41,515 DEBUG    root            Running [gcloud.components.update] with arguments: [--compile-python: "True", --quiet: "True", COMPONENT-IDS:6: "['core', 'gcloud-deps', 'bq', 'gcloud', 'gcloud-crc32c', 'gsutil']"]
2025-03-04 14:25:41,516 INFO     ___FILE_ONLY___ Beginning update. This process may take several minutes.

2025-03-04 14:25:41,653 DEBUG    urllib3.connectionpool Starting new HTTPS connection (1): dl.google.com:443
2025-03-04 14:25:41,851 DEBUG    urllib3.connectionpool https://dl.google.com:443 "GET /dl/cloudsdk/channels/rapid/components-2.json HTTP/11" 200 226132
2025-03-04 14:25:41,871 INFO     ___FILE_ONLY___ 

2025-03-04 14:25:41,871 INFO     ___FILE_ONLY___ 
Your current Google Cloud CLI version is: 512.0.0

2025-03-04 14:25:41,872 INFO     ___FILE_ONLY___ Installing components from version: 512.0.0

2025-03-04 14:25:41,872 INFO     ___FILE_ONLY___ 

2025-03-04 14:25:41,872 DEBUG    root            Chosen display Format:table[box,title="These components will be removed."](details.display_name:label=Name:align=left,version.version_string:label=Version:align=right,data.size.size(zero="",min=1048576):label=Size:align=right)
2025-03-04 14:25:41,872 DEBUG    root            Chosen display Format:table[box,title="These components will be updated."](details.display_name:label=Name:align=left,version.version_string:label=Version:align=right,data.size.size(zero="",min=1048576):label=Size:align=right)
2025-03-04 14:25:41,873 DEBUG    root            Chosen display Format:table[box,title="These components will be installed."](details.display_name:label=Name:align=left,version.version_string:label=Version:align=right,data.size.size(zero="",min=1048576):label=Size:align=right)
2025-03-04 14:25:41,913 INFO     ___FILE_ONLY___ ┌─────────────────────────────────────────────────────────────────────────────┐
2025-03-04 14:25:41,913 INFO     ___FILE_ONLY___ 

2025-03-04 14:25:41,913 INFO     ___FILE_ONLY___ │                     These components will be installed.                     │
2025-03-04 14:25:41,913 INFO     ___FILE_ONLY___ 

2025-03-04 14:25:41,913 INFO     ___FILE_ONLY___ ├─────────────────────────────────────────────────────┬────────────┬──────────┤
2025-03-04 14:25:41,913 INFO     ___FILE_ONLY___ 

2025-03-04 14:25:41,913 INFO     ___FILE_ONLY___ │                         Name                        │  Version   │   Size   │
2025-03-04 14:25:41,913 INFO     ___FILE_ONLY___ 

2025-03-04 14:25:41,913 INFO     ___FILE_ONLY___ ├─────────────────────────────────────────────────────┼────────────┼──────────┤
2025-03-04 14:25:41,913 INFO     ___FILE_ONLY___ 

2025-03-04 14:25:41,914 INFO     ___FILE_ONLY___ │ 
2025-03-04 14:25:41,914 INFO     ___FILE_ONLY___ BigQuery Command Line Tool                         
2025-03-04 14:25:41,914 INFO     ___FILE_ONLY___  
2025-03-04 14:25:41,914 INFO     ___FILE_ONLY___ │ 
2025-03-04 14:25:41,914 INFO     ___FILE_ONLY___     2.1.13
2025-03-04 14:25:41,914 INFO     ___FILE_ONLY___  
2025-03-04 14:25:41,914 INFO     ___FILE_ONLY___ │ 
2025-03-04 14:25:41,914 INFO     ___FILE_ONLY___  1.8 MiB
2025-03-04 14:25:41,914 INFO     ___FILE_ONLY___  
2025-03-04 14:25:41,914 INFO     ___FILE_ONLY___ │
2025-03-04 14:25:41,914 INFO     ___FILE_ONLY___ 

2025-03-04 14:25:41,914 INFO     ___FILE_ONLY___ │ 
2025-03-04 14:25:41,914 INFO     ___FILE_ONLY___ BigQuery Command Line Tool (Platform Specific)     
2025-03-04 14:25:41,914 INFO     ___FILE_ONLY___  
2025-03-04 14:25:41,914 INFO     ___FILE_ONLY___ │ 
2025-03-04 14:25:41,915 INFO     ___FILE_ONLY___      2.1.8
2025-03-04 14:25:41,915 INFO     ___FILE_ONLY___  
2025-03-04 14:25:41,915 INFO     ___FILE_ONLY___ │ 
2025-03-04 14:25:41,915 INFO     ___FILE_ONLY___  < 1 MiB
2025-03-04 14:25:41,915 INFO     ___FILE_ONLY___  
2025-03-04 14:25:41,915 INFO     ___FILE_ONLY___ │
2025-03-04 14:25:41,915 INFO     ___FILE_ONLY___ 

2025-03-04 14:25:41,915 INFO     ___FILE_ONLY___ │ 
2025-03-04 14:25:41,915 INFO     ___FILE_ONLY___ Bundled Python 3.12 (Platform Specific)            
2025-03-04 14:25:41,915 INFO     ___FILE_ONLY___  
2025-03-04 14:25:41,915 INFO     ___FILE_ONLY___ │ 
2025-03-04 14:25:41,915 INFO     ___FILE_ONLY___     3.12.8
2025-03-04 14:25:41,915 INFO     ___FILE_ONLY___  
2025-03-04 14:25:41,915 INFO     ___FILE_ONLY___ │ 
2025-03-04 14:25:41,915 INFO     ___FILE_ONLY___ 89.2 MiB
2025-03-04 14:25:41,916 INFO     ___FILE_ONLY___  
2025-03-04 14:25:41,916 INFO     ___FILE_ONLY___ │
2025-03-04 14:25:41,916 INFO     ___FILE_ONLY___ 

2025-03-04 14:25:41,916 INFO     ___FILE_ONLY___ │ 
2025-03-04 14:25:41,916 INFO     ___FILE_ONLY___ Cloud Storage Command Line Tool                    
2025-03-04 14:25:41,916 INFO     ___FILE_ONLY___  
2025-03-04 14:25:41,916 INFO     ___FILE_ONLY___ │ 
2025-03-04 14:25:41,916 INFO     ___FILE_ONLY___       5.33
2025-03-04 14:25:41,916 INFO     ___FILE_ONLY___  
2025-03-04 14:25:41,916 INFO     ___FILE_ONLY___ │ 
2025-03-04 14:25:41,916 INFO     ___FILE_ONLY___ 11.8 MiB
2025-03-04 14:25:41,916 INFO     ___FILE_ONLY___  
2025-03-04 14:25:41,916 INFO     ___FILE_ONLY___ │
2025-03-04 14:25:41,916 INFO     ___FILE_ONLY___ 

2025-03-04 14:25:41,916 INFO     ___FILE_ONLY___ │ 
2025-03-04 14:25:41,916 INFO     ___FILE_ONLY___ Cloud Storage Command Line Tool (Platform Specific)
2025-03-04 14:25:41,916 INFO     ___FILE_ONLY___  
2025-03-04 14:25:41,916 INFO     ___FILE_ONLY___ │ 
2025-03-04 14:25:41,917 INFO     ___FILE_ONLY___       5.30
2025-03-04 14:25:41,917 INFO     ___FILE_ONLY___  
2025-03-04 14:25:41,917 INFO     ___FILE_ONLY___ │ 
2025-03-04 14:25:41,917 INFO     ___FILE_ONLY___  < 1 MiB
2025-03-04 14:25:41,917 INFO     ___FILE_ONLY___  
2025-03-04 14:25:41,917 INFO     ___FILE_ONLY___ │
2025-03-04 14:25:41,917 INFO     ___FILE_ONLY___ 

2025-03-04 14:25:41,917 INFO     ___FILE_ONLY___ │ 
2025-03-04 14:25:41,917 INFO     ___FILE_ONLY___ Google Cloud CLI Core Libraries (Platform Specific)
2025-03-04 14:25:41,917 INFO     ___FILE_ONLY___  
2025-03-04 14:25:41,917 INFO     ___FILE_ONLY___ │ 
2025-03-04 14:25:41,917 INFO     ___FILE_ONLY___ 2024.08.30
2025-03-04 14:25:41,917 INFO     ___FILE_ONLY___  
2025-03-04 14:25:41,917 INFO     ___FILE_ONLY___ │ 
2025-03-04 14:25:41,917 INFO     ___FILE_ONLY___  < 1 MiB
2025-03-04 14:25:41,917 INFO     ___FILE_ONLY___  
2025-03-04 14:25:41,917 INFO     ___FILE_ONLY___ │
2025-03-04 14:25:41,917 INFO     ___FILE_ONLY___ 

2025-03-04 14:25:41,917 INFO     ___FILE_ONLY___ │ 
2025-03-04 14:25:41,917 INFO     ___FILE_ONLY___ Google Cloud CRC32C Hash Tool (Platform Specific)  
2025-03-04 14:25:41,918 INFO     ___FILE_ONLY___  
2025-03-04 14:25:41,918 INFO     ___FILE_ONLY___ │ 
2025-03-04 14:25:41,918 INFO     ___FILE_ONLY___      1.0.0
2025-03-04 14:25:41,918 INFO     ___FILE_ONLY___  
2025-03-04 14:25:41,918 INFO     ___FILE_ONLY___ │ 
2025-03-04 14:25:41,918 INFO     ___FILE_ONLY___  1.4 MiB
2025-03-04 14:25:41,918 INFO     ___FILE_ONLY___  
2025-03-04 14:25:41,918 INFO     ___FILE_ONLY___ │
2025-03-04 14:25:41,918 INFO     ___FILE_ONLY___ 

2025-03-04 14:25:41,918 INFO     ___FILE_ONLY___ │ 
2025-03-04 14:25:41,918 INFO     ___FILE_ONLY___ gcloud cli dependencies (Platform Specific)        
2025-03-04 14:25:41,918 INFO     ___FILE_ONLY___  
2025-03-04 14:25:41,918 INFO     ___FILE_ONLY___ │ 
2025-03-04 14:25:41,918 INFO     ___FILE_ONLY___ 2021.04.16
2025-03-04 14:25:41,918 INFO     ___FILE_ONLY___  
2025-03-04 14:25:41,918 INFO     ___FILE_ONLY___ │ 
2025-03-04 14:25:41,918 INFO     ___FILE_ONLY___  < 1 MiB
2025-03-04 14:25:41,918 INFO     ___FILE_ONLY___  
2025-03-04 14:25:41,918 INFO     ___FILE_ONLY___ │
2025-03-04 14:25:41,919 INFO     ___FILE_ONLY___ 

2025-03-04 14:25:41,919 INFO     ___FILE_ONLY___ └─────────────────────────────────────────────────────┴────────────┴──────────┘
2025-03-04 14:25:41,919 INFO     ___FILE_ONLY___ 

2025-03-04 14:25:41,919 INFO     ___FILE_ONLY___ 

2025-03-04 14:25:41,922 DEBUG    urllib3.connectionpool Starting new HTTPS connection (1): dl.google.com:443
2025-03-04 14:25:42,118 DEBUG    urllib3.connectionpool https://dl.google.com:443 "GET /dl/cloudsdk/channels/rapid/RELEASE_NOTES HTTP/11" 200 1370893
2025-03-04 14:25:42,581 INFO     ___FILE_ONLY___ For the latest full release notes, please visit:
  https://cloud.google.com/sdk/release_notes


2025-03-04 14:25:42,582 INFO     ___FILE_ONLY___ Performing in place update...


2025-03-04 14:25:42,584 INFO     ___FILE_ONLY___ ╔════════════════════════════════════════════════════════════╗

2025-03-04 14:25:42,584 INFO     ___FILE_ONLY___ ╠═ Downloading: BigQuery Command Line Tool                  ═╣

2025-03-04 14:25:42,584 INFO     ___FILE_ONLY___ ╚
2025-03-04 14:25:42,588 DEBUG    urllib3.connectionpool Starting new HTTPS connection (1): dl.google.com:443
2025-03-04 14:25:42,787 DEBUG    urllib3.connectionpool https://dl.google.com:443 "GET /dl/cloudsdk/channels/rapid/components/google-cloud-sdk-bq-20250218185346.tar.gz HTTP/11" 200 1840119
2025-03-04 14:25:42,800 INFO     ___FILE_ONLY___ ═
2025-03-04 14:25:42,800 INFO     ___FILE_ONLY___ ═
2025-03-04 14:25:42,800 INFO     ___FILE_ONLY___ ═
2025-03-04 14:25:42,800 INFO     ___FILE_ONLY___ ═
2025-03-04 14:25:42,801 INFO     ___FILE_ONLY___ ═
2025-03-04 14:25:42,801 INFO     ___FILE_ONLY___ ═
2025-03-04 14:25:42,801 INFO     ___FILE_ONLY___ ═
2025-03-04 14:25:42,801 INFO     ___FILE_ONLY___ ═
2025-03-04 14:25:42,801 INFO     ___FILE_ONLY___ ═
2025-03-04 14:25:42,801 INFO     ___FILE_ONLY___ ═
2025-03-04 14:25:42,801 INFO     ___FILE_ONLY___ ═
2025-03-04 14:25:42,801 INFO     ___FILE_ONLY___ ═
2025-03-04 14:25:42,801 INFO     ___FILE_ONLY___ ═
2025-03-04 14:25:42,801 INFO     ___FILE_ONLY___ ═
2025-03-04 14:25:42,801 INFO     ___FILE_ONLY___ ═
2025-03-04 14:25:42,802 INFO     ___FILE_ONLY___ ═
2025-03-04 14:25:42,802 INFO     ___FILE_ONLY___ ═
2025-03-04 14:25:42,802 INFO     ___FILE_ONLY___ ═
2025-03-04 14:25:42,802 INFO     ___FILE_ONLY___ ═
2025-03-04 14:25:42,802 INFO     ___FILE_ONLY___ ═
2025-03-04 14:25:42,802 INFO     ___FILE_ONLY___ ═
2025-03-04 14:25:42,802 INFO     ___FILE_ONLY___ ═
2025-03-04 14:25:42,802 INFO     ___FILE_ONLY___ ═
2025-03-04 14:25:42,802 INFO     ___FILE_ONLY___ ═
2025-03-04 14:25:42,802 INFO     ___FILE_ONLY___ ═
2025-03-04 14:25:42,802 INFO     ___FILE_ONLY___ ═
2025-03-04 14:25:42,802 INFO     ___FILE_ONLY___ ═
2025-03-04 14:25:42,803 INFO     ___FILE_ONLY___ ═
2025-03-04 14:25:42,803 INFO     ___FILE_ONLY___ ═
2025-03-04 14:25:42,803 INFO     ___FILE_ONLY___ ═
2025-03-04 14:25:42,803 INFO     ___FILE_ONLY___ ═
2025-03-04 14:25:42,803 INFO     ___FILE_ONLY___ ═
2025-03-04 14:25:42,803 INFO     ___FILE_ONLY___ ═
2025-03-04 14:25:42,803 INFO     ___FILE_ONLY___ ═
2025-03-04 14:25:42,803 INFO     ___FILE_ONLY___ ═
2025-03-04 14:25:42,803 INFO     ___FILE_ONLY___ ═
2025-03-04 14:25:42,803 INFO     ___FILE_ONLY___ ═
2025-03-04 14:25:42,803 INFO     ___FILE_ONLY___ ═
2025-03-04 14:25:42,803 INFO     ___FILE_ONLY___ ═
2025-03-04 14:25:42,804 INFO     ___FILE_ONLY___ ═
2025-03-04 14:25:42,804 INFO     ___FILE_ONLY___ ═
2025-03-04 14:25:42,804 INFO     ___FILE_ONLY___ ═
2025-03-04 14:25:42,804 INFO     ___FILE_ONLY___ ═
2025-03-04 14:25:42,804 INFO     ___FILE_ONLY___ ═
2025-03-04 14:25:42,804 INFO     ___FILE_ONLY___ ═
2025-03-04 14:25:42,804 INFO     ___FILE_ONLY___ ═
2025-03-04 14:25:42,804 INFO     ___FILE_ONLY___ ═
2025-03-04 14:25:42,804 INFO     ___FILE_ONLY___ ═
2025-03-04 14:25:42,804 INFO     ___FILE_ONLY___ ═
2025-03-04 14:25:42,804 INFO     ___FILE_ONLY___ ═
2025-03-04 14:25:42,804 INFO     ___FILE_ONLY___ ═
2025-03-04 14:25:42,805 INFO     ___FILE_ONLY___ ═
2025-03-04 14:25:42,805 INFO     ___FILE_ONLY___ ═
2025-03-04 14:25:42,805 INFO     ___FILE_ONLY___ ═
2025-03-04 14:25:42,805 INFO     ___FILE_ONLY___ ═
2025-03-04 14:25:42,805 INFO     ___FILE_ONLY___ ═
2025-03-04 14:25:42,805 INFO     ___FILE_ONLY___ ═
2025-03-04 14:25:42,805 INFO     ___FILE_ONLY___ ═
2025-03-04 14:25:42,805 INFO     ___FILE_ONLY___ ═
2025-03-04 14:25:42,805 INFO     ___FILE_ONLY___ ═
2025-03-04 14:25:42,805 INFO     ___FILE_ONLY___ ╝

2025-03-04 14:25:42,807 INFO     ___FILE_ONLY___ ╔════════════════════════════════════════════════════════════╗

2025-03-04 14:25:42,807 INFO     ___FILE_ONLY___ ╠═ Downloading: BigQuery Command Line Tool (Platform Spe... ═╣

2025-03-04 14:25:42,807 INFO     ___FILE_ONLY___ ╚
2025-03-04 14:25:42,811 DEBUG    urllib3.connectionpool Starting new HTTPS connection (1): dl.google.com:443
2025-03-04 14:25:43,006 DEBUG    urllib3.connectionpool https://dl.google.com:443 "GET /dl/cloudsdk/channels/rapid/components/google-cloud-sdk-bq-nix-20240830134514.tar.gz HTTP/11" 200 1914
2025-03-04 14:25:43,006 INFO     ___FILE_ONLY___ ════════════════════════════════════════════════════════════
2025-03-04 14:25:43,006 INFO     ___FILE_ONLY___ ╝

2025-03-04 14:25:43,008 INFO     ___FILE_ONLY___ ╔════════════════════════════════════════════════════════════╗

2025-03-04 14:25:43,008 INFO     ___FILE_ONLY___ ╠═ Downloading: Bundled Python 3.12                         ═╣

2025-03-04 14:25:43,008 INFO     ___FILE_ONLY___ ╚
2025-03-04 14:25:43,009 INFO     ___FILE_ONLY___ ════════════════════════════════════════════════════════════
2025-03-04 14:25:43,009 INFO     ___FILE_ONLY___ ╝

2025-03-04 14:25:43,010 INFO     ___FILE_ONLY___ ╔════════════════════════════════════════════════════════════╗

2025-03-04 14:25:43,010 INFO     ___FILE_ONLY___ ╠═ Downloading: Bundled Python 3.12 (Platform Specific)     ═╣

2025-03-04 14:25:43,010 INFO     ___FILE_ONLY___ ╚
2025-03-04 14:25:43,013 DEBUG    urllib3.connectionpool Starting new HTTPS connection (1): dl.google.com:443
2025-03-04 14:25:44,133 DEBUG    urllib3.connectionpool https://dl.google.com:443 "GET /dl/cloudsdk/channels/rapid/components/google-cloud-sdk-bundled-python3-unix-linux-x86_64-20250131143518.tar.gz HTTP/11" 200 93520256
2025-03-04 14:25:44,461 INFO     ___FILE_ONLY___ ═
2025-03-04 14:25:44,463 INFO     ___FILE_ONLY___ ═
2025-03-04 14:25:44,465 INFO     ___FILE_ONLY___ ═
2025-03-04 14:25:44,467 INFO     ___FILE_ONLY___ ═
2025-03-04 14:25:44,468 INFO     ___FILE_ONLY___ ═
2025-03-04 14:25:44,470 INFO     ___FILE_ONLY___ ═
2025-03-04 14:25:44,472 INFO     ___FILE_ONLY___ ═
2025-03-04 14:25:44,474 INFO     ___FILE_ONLY___ ═
2025-03-04 14:25:44,475 INFO     ___FILE_ONLY___ ═
2025-03-04 14:25:44,477 INFO     ___FILE_ONLY___ ═
2025-03-04 14:25:44,479 INFO     ___FILE_ONLY___ ═
2025-03-04 14:25:44,481 INFO     ___FILE_ONLY___ ═
2025-03-04 14:25:44,483 INFO     ___FILE_ONLY___ ═
2025-03-04 14:25:44,484 INFO     ___FILE_ONLY___ ═
2025-03-04 14:25:44,486 INFO     ___FILE_ONLY___ ═
2025-03-04 14:25:44,488 INFO     ___FILE_ONLY___ ═
2025-03-04 14:25:44,490 INFO     ___FILE_ONLY___ ═
2025-03-04 14:25:44,491 INFO     ___FILE_ONLY___ ═
2025-03-04 14:25:44,493 INFO     ___FILE_ONLY___ ═
2025-03-04 14:25:44,495 INFO     ___FILE_ONLY___ ═
2025-03-04 14:25:44,496 INFO     ___FILE_ONLY___ ═
2025-03-04 14:25:44,498 INFO     ___FILE_ONLY___ ═
2025-03-04 14:25:44,500 INFO     ___FILE_ONLY___ ═
2025-03-04 14:25:44,501 INFO     ___FILE_ONLY___ ═
2025-03-04 14:25:44,503 INFO     ___FILE_ONLY___ ═
2025-03-04 14:25:44,505 INFO     ___FILE_ONLY___ ═
2025-03-04 14:25:44,506 INFO     ___FILE_ONLY___ ═
2025-03-04 14:25:44,508 INFO     ___FILE_ONLY___ ═
2025-03-04 14:25:44,510 INFO     ___FILE_ONLY___ ═
2025-03-04 14:25:44,511 INFO     ___FILE_ONLY___ ═
2025-03-04 14:25:44,513 INFO     ___FILE_ONLY___ ═
2025-03-04 14:25:44,515 INFO     ___FILE_ONLY___ ═
2025-03-04 14:25:44,516 INFO     ___FILE_ONLY___ ═
2025-03-04 14:25:44,518 INFO     ___FILE_ONLY___ ═
2025-03-04 14:25:44,519 INFO     ___FILE_ONLY___ ═
2025-03-04 14:25:44,521 INFO     ___FILE_ONLY___ ═
2025-03-04 14:25:44,523 INFO     ___FILE_ONLY___ ═
2025-03-04 14:25:44,524 INFO     ___FILE_ONLY___ ═
2025-03-04 14:25:44,526 INFO     ___FILE_ONLY___ ═
2025-03-04 14:25:44,527 INFO     ___FILE_ONLY___ ═
2025-03-04 14:25:44,529 INFO     ___FILE_ONLY___ ═
2025-03-04 14:25:44,531 INFO     ___FILE_ONLY___ ═
2025-03-04 14:25:44,532 INFO     ___FILE_ONLY___ ═
2025-03-04 14:25:44,534 INFO     ___FILE_ONLY___ ═
2025-03-04 14:25:44,535 INFO     ___FILE_ONLY___ ═
2025-03-04 14:25:44,537 INFO     ___FILE_ONLY___ ═
2025-03-04 14:25:44,539 INFO     ___FILE_ONLY___ ═
2025-03-04 14:25:44,540 INFO     ___FILE_ONLY___ ═
2025-03-04 14:25:44,542 INFO     ___FILE_ONLY___ ═
2025-03-04 14:25:44,543 INFO     ___FILE_ONLY___ ═
2025-03-04 14:25:44,545 INFO     ___FILE_ONLY___ ═
2025-03-04 14:25:44,547 INFO     ___FILE_ONLY___ ═
2025-03-04 14:25:44,548 INFO     ___FILE_ONLY___ ═
2025-03-04 14:25:44,550 INFO     ___FILE_ONLY___ ═
2025-03-04 14:25:44,551 INFO     ___FILE_ONLY___ ═
2025-03-04 14:25:44,553 INFO     ___FILE_ONLY___ ═
2025-03-04 14:25:44,555 INFO     ___FILE_ONLY___ ═
2025-03-04 14:25:44,556 INFO     ___FILE_ONLY___ ═
2025-03-04 14:25:44,558 INFO     ___FILE_ONLY___ ═
2025-03-04 14:25:44,560 INFO     ___FILE_ONLY___ ═
2025-03-04 14:25:44,560 INFO     ___FILE_ONLY___ ╝

2025-03-04 14:25:44,563 INFO     ___FILE_ONLY___ ╔════════════════════════════════════════════════════════════╗

2025-03-04 14:25:44,564 INFO     ___FILE_ONLY___ ╠═ Downloading: Cloud Storage Command Line Tool             ═╣

2025-03-04 14:25:44,564 INFO     ___FILE_ONLY___ ╚
2025-03-04 14:25:44,567 DEBUG    urllib3.connectionpool Starting new HTTPS connection (1): dl.google.com:443
2025-03-04 14:25:45,717 DEBUG    urllib3.connectionpool https://dl.google.com:443 "GET /dl/cloudsdk/channels/rapid/components/google-cloud-sdk-gsutil-20241213184646.tar.gz HTTP/11" 200 12368759
2025-03-04 14:25:45,761 INFO     ___FILE_ONLY___ ═
2025-03-04 14:25:45,761 INFO     ___FILE_ONLY___ ═
2025-03-04 14:25:45,761 INFO     ___FILE_ONLY___ ═
2025-03-04 14:25:45,762 INFO     ___FILE_ONLY___ ═
2025-03-04 14:25:45,762 INFO     ___FILE_ONLY___ ═
2025-03-04 14:25:45,762 INFO     ___FILE_ONLY___ ═
2025-03-04 14:25:45,763 INFO     ___FILE_ONLY___ ═
2025-03-04 14:25:45,763 INFO     ___FILE_ONLY___ ═
2025-03-04 14:25:45,763 INFO     ___FILE_ONLY___ ═
2025-03-04 14:25:45,763 INFO     ___FILE_ONLY___ ═
2025-03-04 14:25:45,764 INFO     ___FILE_ONLY___ ═
2025-03-04 14:25:45,764 INFO     ___FILE_ONLY___ ═
2025-03-04 14:25:45,764 INFO     ___FILE_ONLY___ ═
2025-03-04 14:25:45,764 INFO     ___FILE_ONLY___ ═
2025-03-04 14:25:45,765 INFO     ___FILE_ONLY___ ═
2025-03-04 14:25:45,765 INFO     ___FILE_ONLY___ ═
2025-03-04 14:25:45,765 INFO     ___FILE_ONLY___ ═
2025-03-04 14:25:45,765 INFO     ___FILE_ONLY___ ═
2025-03-04 14:25:45,766 INFO     ___FILE_ONLY___ ═
2025-03-04 14:25:45,766 INFO     ___FILE_ONLY___ ═
2025-03-04 14:25:45,766 INFO     ___FILE_ONLY___ ═
2025-03-04 14:25:45,766 INFO     ___FILE_ONLY___ ═
2025-03-04 14:25:45,767 INFO     ___FILE_ONLY___ ═
2025-03-04 14:25:45,767 INFO     ___FILE_ONLY___ ═
2025-03-04 14:25:45,767 INFO     ___FILE_ONLY___ ═
2025-03-04 14:25:45,767 INFO     ___FILE_ONLY___ ═
2025-03-04 14:25:45,768 INFO     ___FILE_ONLY___ ═
2025-03-04 14:25:45,768 INFO     ___FILE_ONLY___ ═
2025-03-04 14:25:45,768 INFO     ___FILE_ONLY___ ═
2025-03-04 14:25:45,769 INFO     ___FILE_ONLY___ ═
2025-03-04 14:25:45,769 INFO     ___FILE_ONLY___ ═
2025-03-04 14:25:45,769 INFO     ___FILE_ONLY___ ═
2025-03-04 14:25:45,769 INFO     ___FILE_ONLY___ ═
2025-03-04 14:25:45,770 INFO     ___FILE_ONLY___ ═
2025-03-04 14:25:45,770 INFO     ___FILE_ONLY___ ═
2025-03-04 14:25:45,770 INFO     ___FILE_ONLY___ ═
2025-03-04 14:25:45,771 INFO     ___FILE_ONLY___ ═
2025-03-04 14:25:45,771 INFO     ___FILE_ONLY___ ═
2025-03-04 14:25:45,771 INFO     ___FILE_ONLY___ ═
2025-03-04 14:25:45,771 INFO     ___FILE_ONLY___ ═
2025-03-04 14:25:45,772 INFO     ___FILE_ONLY___ ═
2025-03-04 14:25:45,772 INFO     ___FILE_ONLY___ ═
2025-03-04 14:25:45,772 INFO     ___FILE_ONLY___ ═
2025-03-04 14:25:45,772 INFO     ___FILE_ONLY___ ═
2025-03-04 14:25:45,773 INFO     ___FILE_ONLY___ ═
2025-03-04 14:25:45,773 INFO     ___FILE_ONLY___ ═
2025-03-04 14:25:45,773 INFO     ___FILE_ONLY___ ═
2025-03-04 14:25:45,773 INFO     ___FILE_ONLY___ ═
2025-03-04 14:25:45,774 INFO     ___FILE_ONLY___ ═
2025-03-04 14:25:45,774 INFO     ___FILE_ONLY___ ═
2025-03-04 14:25:45,774 INFO     ___FILE_ONLY___ ═
2025-03-04 14:25:45,775 INFO     ___FILE_ONLY___ ═
2025-03-04 14:25:45,775 INFO     ___FILE_ONLY___ ═
2025-03-04 14:25:45,775 INFO     ___FILE_ONLY___ ═
2025-03-04 14:25:45,775 INFO     ___FILE_ONLY___ ═
2025-03-04 14:25:45,776 INFO     ___FILE_ONLY___ ═
2025-03-04 14:25:45,776 INFO     ___FILE_ONLY___ ═
2025-03-04 14:25:45,776 INFO     ___FILE_ONLY___ ═
2025-03-04 14:25:45,777 INFO     ___FILE_ONLY___ ═
2025-03-04 14:25:45,777 INFO     ___FILE_ONLY___ ═
2025-03-04 14:25:45,777 INFO     ___FILE_ONLY___ ╝

2025-03-04 14:25:45,779 INFO     ___FILE_ONLY___ ╔════════════════════════════════════════════════════════════╗

2025-03-04 14:25:45,779 INFO     ___FILE_ONLY___ ╠═ Downloading: Cloud Storage Command Line Tool (Platfor... ═╣

2025-03-04 14:25:45,779 INFO     ___FILE_ONLY___ ╚
2025-03-04 14:25:45,782 DEBUG    urllib3.connectionpool Starting new HTTPS connection (1): dl.google.com:443
2025-03-04 14:25:46,897 DEBUG    urllib3.connectionpool https://dl.google.com:443 "GET /dl/cloudsdk/channels/rapid/components/google-cloud-sdk-gsutil-nix-20240830134514.tar.gz HTTP/11" 200 1928
2025-03-04 14:25:46,898 INFO     ___FILE_ONLY___ ════════════════════════════════════════════════════════════
2025-03-04 14:25:46,898 INFO     ___FILE_ONLY___ ╝

2025-03-04 14:25:46,900 INFO     ___FILE_ONLY___ ╔════════════════════════════════════════════════════════════╗

2025-03-04 14:25:46,900 INFO     ___FILE_ONLY___ ╠═ Downloading: Default set of gcloud commands              ═╣

2025-03-04 14:25:46,900 INFO     ___FILE_ONLY___ ╚
2025-03-04 14:25:46,900 INFO     ___FILE_ONLY___ ════════════════════════════════════════════════════════════
2025-03-04 14:25:46,900 INFO     ___FILE_ONLY___ ╝

2025-03-04 14:25:46,902 INFO     ___FILE_ONLY___ ╔════════════════════════════════════════════════════════════╗

2025-03-04 14:25:46,902 INFO     ___FILE_ONLY___ ╠═ Downloading: Google Cloud CLI Core Libraries (Platfor... ═╣

2025-03-04 14:25:46,902 INFO     ___FILE_ONLY___ ╚
2025-03-04 14:25:46,905 DEBUG    urllib3.connectionpool Starting new HTTPS connection (1): dl.google.com:443
2025-03-04 14:25:47,983 DEBUG    urllib3.connectionpool https://dl.google.com:443 "GET /dl/cloudsdk/channels/rapid/components/google-cloud-sdk-core-nix-20240830134514.tar.gz HTTP/11" 200 2306
2025-03-04 14:25:47,983 INFO     ___FILE_ONLY___ ════════════════════════════════════════════════════════════
2025-03-04 14:25:47,984 INFO     ___FILE_ONLY___ ╝

2025-03-04 14:25:47,985 INFO     ___FILE_ONLY___ ╔════════════════════════════════════════════════════════════╗

2025-03-04 14:25:47,985 INFO     ___FILE_ONLY___ ╠═ Downloading: Google Cloud CRC32C Hash Tool               ═╣

2025-03-04 14:25:47,986 INFO     ___FILE_ONLY___ ╚
2025-03-04 14:25:47,986 INFO     ___FILE_ONLY___ ════════════════════════════════════════════════════════════
2025-03-04 14:25:47,986 INFO     ___FILE_ONLY___ ╝

2025-03-04 14:25:47,987 INFO     ___FILE_ONLY___ ╔════════════════════════════════════════════════════════════╗

2025-03-04 14:25:47,987 INFO     ___FILE_ONLY___ ╠═ Downloading: Google Cloud CRC32C Hash Tool (Platform ... ═╣

2025-03-04 14:25:47,987 INFO     ___FILE_ONLY___ ╚
2025-03-04 14:25:47,990 DEBUG    urllib3.connectionpool Starting new HTTPS connection (1): dl.google.com:443
2025-03-04 14:25:48,188 DEBUG    urllib3.connectionpool https://dl.google.com:443 "GET /dl/cloudsdk/channels/rapid/components/google-cloud-sdk-gcloud-crc32c-linux-x86_64-20250110133808.tar.gz HTTP/11" 200 1478989
2025-03-04 14:25:48,199 INFO     ___FILE_ONLY___ ═
2025-03-04 14:25:48,200 INFO     ___FILE_ONLY___ ═
2025-03-04 14:25:48,200 INFO     ___FILE_ONLY___ ═
2025-03-04 14:25:48,200 INFO     ___FILE_ONLY___ ═
2025-03-04 14:25:48,200 INFO     ___FILE_ONLY___ ═
2025-03-04 14:25:48,200 INFO     ___FILE_ONLY___ ═
2025-03-04 14:25:48,200 INFO     ___FILE_ONLY___ ═
2025-03-04 14:25:48,200 INFO     ___FILE_ONLY___ ═
2025-03-04 14:25:48,200 INFO     ___FILE_ONLY___ ═
2025-03-04 14:25:48,200 INFO     ___FILE_ONLY___ ═
2025-03-04 14:25:48,200 INFO     ___FILE_ONLY___ ═
2025-03-04 14:25:48,200 INFO     ___FILE_ONLY___ ═
2025-03-04 14:25:48,200 INFO     ___FILE_ONLY___ ═
2025-03-04 14:25:48,200 INFO     ___FILE_ONLY___ ═
2025-03-04 14:25:48,201 INFO     ___FILE_ONLY___ ═
2025-03-04 14:25:48,201 INFO     ___FILE_ONLY___ ═
2025-03-04 14:25:48,201 INFO     ___FILE_ONLY___ ═
2025-03-04 14:25:48,201 INFO     ___FILE_ONLY___ ═
2025-03-04 14:25:48,201 INFO     ___FILE_ONLY___ ═
2025-03-04 14:25:48,201 INFO     ___FILE_ONLY___ ═
2025-03-04 14:25:48,201 INFO     ___FILE_ONLY___ ═
2025-03-04 14:25:48,201 INFO     ___FILE_ONLY___ ═
2025-03-04 14:25:48,201 INFO     ___FILE_ONLY___ ═
2025-03-04 14:25:48,201 INFO     ___FILE_ONLY___ ═
2025-03-04 14:25:48,201 INFO     ___FILE_ONLY___ ═
2025-03-04 14:25:48,201 INFO     ___FILE_ONLY___ ═
2025-03-04 14:25:48,201 INFO     ___FILE_ONLY___ ═
2025-03-04 14:25:48,202 INFO     ___FILE_ONLY___ ═
2025-03-04 14:25:48,202 INFO     ___FILE_ONLY___ ═
2025-03-04 14:25:48,202 INFO     ___FILE_ONLY___ ═
2025-03-04 14:25:48,202 INFO     ___FILE_ONLY___ ═
2025-03-04 14:25:48,202 INFO     ___FILE_ONLY___ ═
2025-03-04 14:25:48,202 INFO     ___FILE_ONLY___ ═
2025-03-04 14:25:48,202 INFO     ___FILE_ONLY___ ═
2025-03-04 14:25:48,202 INFO     ___FILE_ONLY___ ═
2025-03-04 14:25:48,202 INFO     ___FILE_ONLY___ ═
2025-03-04 14:25:48,202 INFO     ___FILE_ONLY___ ═
2025-03-04 14:25:48,202 INFO     ___FILE_ONLY___ ═
2025-03-04 14:25:48,202 INFO     ___FILE_ONLY___ ═
2025-03-04 14:25:48,203 INFO     ___FILE_ONLY___ ═
2025-03-04 14:25:48,203 INFO     ___FILE_ONLY___ ═
2025-03-04 14:25:48,203 INFO     ___FILE_ONLY___ ═
2025-03-04 14:25:48,203 INFO     ___FILE_ONLY___ ═
2025-03-04 14:25:48,203 INFO     ___FILE_ONLY___ ═
2025-03-04 14:25:48,203 INFO     ___FILE_ONLY___ ═
2025-03-04 14:25:48,203 INFO     ___FILE_ONLY___ ═
2025-03-04 14:25:48,203 INFO     ___FILE_ONLY___ ═
2025-03-04 14:25:48,203 INFO     ___FILE_ONLY___ ═
2025-03-04 14:25:48,203 INFO     ___FILE_ONLY___ ═
2025-03-04 14:25:48,203 INFO     ___FILE_ONLY___ ═
2025-03-04 14:25:48,203 INFO     ___FILE_ONLY___ ═
2025-03-04 14:25:48,203 INFO     ___FILE_ONLY___ ═
2025-03-04 14:25:48,204 INFO     ___FILE_ONLY___ ═
2025-03-04 14:25:48,204 INFO     ___FILE_ONLY___ ═
2025-03-04 14:25:48,204 INFO     ___FILE_ONLY___ ═
2025-03-04 14:25:48,204 INFO     ___FILE_ONLY___ ═
2025-03-04 14:25:48,204 INFO     ___FILE_ONLY___ ═
2025-03-04 14:25:48,204 INFO     ___FILE_ONLY___ ═
2025-03-04 14:25:48,204 INFO     ___FILE_ONLY___ ═
2025-03-04 14:25:48,204 INFO     ___FILE_ONLY___ ═
2025-03-04 14:25:48,204 INFO     ___FILE_ONLY___ ╝

2025-03-04 14:25:48,206 INFO     ___FILE_ONLY___ ╔════════════════════════════════════════════════════════════╗

2025-03-04 14:25:48,206 INFO     ___FILE_ONLY___ ╠═ Downloading: gcloud cli dependencies (Platform Specific) ═╣

2025-03-04 14:25:48,206 INFO     ___FILE_ONLY___ ╚
2025-03-04 14:25:48,210 DEBUG    urllib3.connectionpool Starting new HTTPS connection (1): dl.google.com:443
2025-03-04 14:25:49,239 DEBUG    urllib3.connectionpool https://dl.google.com:443 "GET /dl/cloudsdk/channels/rapid/components/google-cloud-sdk-gcloud-deps-linux-x86_64-20210416153011.tar.gz HTTP/11" 200 104
2025-03-04 14:25:49,239 INFO     ___FILE_ONLY___ ════════════════════════════════════════════════════════════
2025-03-04 14:25:49,240 INFO     ___FILE_ONLY___ ╝

2025-03-04 14:25:49,242 INFO     ___FILE_ONLY___ ╔════════════════════════════════════════════════════════════╗

2025-03-04 14:25:49,242 INFO     ___FILE_ONLY___ ╠═ Installing: BigQuery Command Line Tool                   ═╣

2025-03-04 14:25:49,242 INFO     ___FILE_ONLY___ ╚
2025-03-04 14:25:49,334 INFO     ___FILE_ONLY___ ═
2025-03-04 14:25:49,337 INFO     ___FILE_ONLY___ ═
2025-03-04 14:25:49,339 INFO     ___FILE_ONLY___ ═
2025-03-04 14:25:49,341 INFO     ___FILE_ONLY___ ═
2025-03-04 14:25:49,343 INFO     ___FILE_ONLY___ ═
2025-03-04 14:25:49,346 INFO     ___FILE_ONLY___ ═
2025-03-04 14:25:49,348 INFO     ___FILE_ONLY___ ═
2025-03-04 14:25:49,350 INFO     ___FILE_ONLY___ ═
2025-03-04 14:25:49,352 INFO     ___FILE_ONLY___ ═
2025-03-04 14:25:49,354 INFO     ___FILE_ONLY___ ═
2025-03-04 14:25:49,356 INFO     ___FILE_ONLY___ ═
2025-03-04 14:25:49,358 INFO     ___FILE_ONLY___ ═
2025-03-04 14:25:49,360 INFO     ___FILE_ONLY___ ═
2025-03-04 14:25:49,362 INFO     ___FILE_ONLY___ ═
2025-03-04 14:25:49,364 INFO     ___FILE_ONLY___ ═
2025-03-04 14:25:49,366 INFO     ___FILE_ONLY___ ═
2025-03-04 14:25:49,368 INFO     ___FILE_ONLY___ ═
2025-03-04 14:25:49,371 INFO     ___FILE_ONLY___ ═
2025-03-04 14:25:49,373 INFO     ___FILE_ONLY___ ═
2025-03-04 14:25:49,376 INFO     ___FILE_ONLY___ ═
2025-03-04 14:25:49,378 INFO     ___FILE_ONLY___ ═
2025-03-04 14:25:49,380 INFO     ___FILE_ONLY___ ═
2025-03-04 14:25:49,381 INFO     ___FILE_ONLY___ ═
2025-03-04 14:25:49,383 INFO     ___FILE_ONLY___ ═
2025-03-04 14:25:49,385 INFO     ___FILE_ONLY___ ═
2025-03-04 14:25:49,387 INFO     ___FILE_ONLY___ ═
2025-03-04 14:25:49,389 INFO     ___FILE_ONLY___ ═
2025-03-04 14:25:49,392 INFO     ___FILE_ONLY___ ═
2025-03-04 14:25:49,395 INFO     ___FILE_ONLY___ ═
2025-03-04 14:25:49,397 INFO     ___FILE_ONLY___ ═
2025-03-04 14:25:49,399 INFO     ___FILE_ONLY___ ═
2025-03-04 14:25:49,401 INFO     ___FILE_ONLY___ ═
2025-03-04 14:25:49,404 INFO     ___FILE_ONLY___ ═
2025-03-04 14:25:49,408 INFO     ___FILE_ONLY___ ═
2025-03-04 14:25:49,418 INFO     ___FILE_ONLY___ ═
2025-03-04 14:25:49,422 INFO     ___FILE_ONLY___ ═
2025-03-04 14:25:49,424 INFO     ___FILE_ONLY___ ═
2025-03-04 14:25:49,426 INFO     ___FILE_ONLY___ ═
2025-03-04 14:25:49,428 INFO     ___FILE_ONLY___ ═
2025-03-04 14:25:49,431 INFO     ___FILE_ONLY___ ═
2025-03-04 14:25:49,433 INFO     ___FILE_ONLY___ ═
2025-03-04 14:25:49,436 INFO     ___FILE_ONLY___ ═
2025-03-04 14:25:49,439 INFO     ___FILE_ONLY___ ═
2025-03-04 14:25:49,442 INFO     ___FILE_ONLY___ ═
2025-03-04 14:25:49,444 INFO     ___FILE_ONLY___ ═
2025-03-04 14:25:49,445 INFO     ___FILE_ONLY___ ═
2025-03-04 14:25:49,448 INFO     ___FILE_ONLY___ ═
2025-03-04 14:25:49,449 INFO     ___FILE_ONLY___ ═
2025-03-04 14:25:49,452 INFO     ___FILE_ONLY___ ═
2025-03-04 14:25:49,454 INFO     ___FILE_ONLY___ ═
2025-03-04 14:25:49,456 INFO     ___FILE_ONLY___ ═
2025-03-04 14:25:49,458 INFO     ___FILE_ONLY___ ═
2025-03-04 14:25:49,459 INFO     ___FILE_ONLY___ ═
2025-03-04 14:25:49,461 INFO     ___FILE_ONLY___ ═
2025-03-04 14:25:49,464 INFO     ___FILE_ONLY___ ═
2025-03-04 14:25:49,466 INFO     ___FILE_ONLY___ ═
2025-03-04 14:25:49,467 INFO     ___FILE_ONLY___ ═
2025-03-04 14:25:49,469 INFO     ___FILE_ONLY___ ═
2025-03-04 14:25:49,471 INFO     ___FILE_ONLY___ ═
2025-03-04 14:25:49,473 INFO     ___FILE_ONLY___ ═
2025-03-04 14:25:49,473 INFO     ___FILE_ONLY___ ╝

2025-03-04 14:25:49,480 INFO     ___FILE_ONLY___ ╔════════════════════════════════════════════════════════════╗

2025-03-04 14:25:49,480 INFO     ___FILE_ONLY___ ╠═ Installing: BigQuery Command Line Tool (Platform Spec... ═╣

2025-03-04 14:25:49,481 INFO     ___FILE_ONLY___ ╚
2025-03-04 14:25:49,481 INFO     ___FILE_ONLY___ ════════════════════════════════════════════════════════════
2025-03-04 14:25:49,481 INFO     ___FILE_ONLY___ ╝

2025-03-04 14:25:49,485 INFO     ___FILE_ONLY___ ╔════════════════════════════════════════════════════════════╗

2025-03-04 14:25:49,485 INFO     ___FILE_ONLY___ ╠═ Installing: Bundled Python 3.12                          ═╣

2025-03-04 14:25:49,486 INFO     ___FILE_ONLY___ ╚
2025-03-04 14:25:49,488 INFO     ___FILE_ONLY___ ════════════════════════════════════════════════════════════
2025-03-04 14:25:49,488 INFO     ___FILE_ONLY___ ╝

2025-03-04 14:25:49,489 INFO     ___FILE_ONLY___ ╔════════════════════════════════════════════════════════════╗

2025-03-04 14:25:49,490 INFO     ___FILE_ONLY___ ╠═ Installing: Bundled Python 3.12 (Platform Specific)      ═╣

2025-03-04 14:25:49,490 INFO     ___FILE_ONLY___ ╚
2025-03-04 14:25:52,597 INFO     ___FILE_ONLY___ ═
2025-03-04 14:25:53,101 INFO     ___FILE_ONLY___ ═
2025-03-04 14:25:53,123 INFO     ___FILE_ONLY___ ═
2025-03-04 14:25:53,159 INFO     ___FILE_ONLY___ ═
2025-03-04 14:25:53,181 INFO     ___FILE_ONLY___ ═
2025-03-04 14:25:53,196 INFO     ___FILE_ONLY___ ═
2025-03-04 14:25:53,226 INFO     ___FILE_ONLY___ ═
2025-03-04 14:25:53,245 INFO     ___FILE_ONLY___ ═
2025-03-04 14:25:53,264 INFO     ___FILE_ONLY___ ═
2025-03-04 14:25:53,283 INFO     ___FILE_ONLY___ ═
2025-03-04 14:25:53,299 INFO     ___FILE_ONLY___ ═
2025-03-04 14:25:53,324 INFO     ___FILE_ONLY___ ═
2025-03-04 14:25:53,468 INFO     ___FILE_ONLY___ ═
2025-03-04 14:25:53,486 INFO     ___FILE_ONLY___ ═
2025-03-04 14:25:53,503 INFO     ___FILE_ONLY___ ═
2025-03-04 14:25:53,520 INFO     ___FILE_ONLY___ ═
2025-03-04 14:25:53,535 INFO     ___FILE_ONLY___ ═
2025-03-04 14:25:53,553 INFO     ___FILE_ONLY___ ═
2025-03-04 14:25:53,572 INFO     ___FILE_ONLY___ ═
2025-03-04 14:25:53,594 INFO     ___FILE_ONLY___ ═
2025-03-04 14:25:53,610 INFO     ___FILE_ONLY___ ═
2025-03-04 14:25:53,708 INFO     ___FILE_ONLY___ ═
2025-03-04 14:25:53,731 INFO     ___FILE_ONLY___ ═
2025-03-04 14:25:54,287 INFO     ___FILE_ONLY___ ═
2025-03-04 14:25:54,303 INFO     ___FILE_ONLY___ ═
2025-03-04 14:25:54,317 INFO     ___FILE_ONLY___ ═
2025-03-04 14:25:54,330 INFO     ___FILE_ONLY___ ═
2025-03-04 14:25:54,342 INFO     ___FILE_ONLY___ ═
2025-03-04 14:25:54,355 INFO     ___FILE_ONLY___ ═
2025-03-04 14:25:54,366 INFO     ___FILE_ONLY___ ═
2025-03-04 14:25:54,377 INFO     ___FILE_ONLY___ ═
2025-03-04 14:25:54,388 INFO     ___FILE_ONLY___ ═
2025-03-04 14:25:54,399 INFO     ___FILE_ONLY___ ═
2025-03-04 14:25:54,411 INFO     ___FILE_ONLY___ ═
2025-03-04 14:25:54,422 INFO     ___FILE_ONLY___ ═
2025-03-04 14:25:54,433 INFO     ___FILE_ONLY___ ═
2025-03-04 14:25:54,445 INFO     ___FILE_ONLY___ ═
2025-03-04 14:25:54,457 INFO     ___FILE_ONLY___ ═
2025-03-04 14:25:54,468 INFO     ___FILE_ONLY___ ═
2025-03-04 14:25:54,479 INFO     ___FILE_ONLY___ ═
2025-03-04 14:25:54,492 INFO     ___FILE_ONLY___ ═
2025-03-04 14:25:54,504 INFO     ___FILE_ONLY___ ═
2025-03-04 14:25:54,516 INFO     ___FILE_ONLY___ ═
2025-03-04 14:25:54,528 INFO     ___FILE_ONLY___ ═
2025-03-04 14:25:54,540 INFO     ___FILE_ONLY___ ═
2025-03-04 14:25:54,552 INFO     ___FILE_ONLY___ ═
2025-03-04 14:25:54,564 INFO     ___FILE_ONLY___ ═
2025-03-04 14:25:54,575 INFO     ___FILE_ONLY___ ═
2025-03-04 14:25:54,587 INFO     ___FILE_ONLY___ ═
2025-03-04 14:25:54,599 INFO     ___FILE_ONLY___ ═
2025-03-04 14:25:54,610 INFO     ___FILE_ONLY___ ═
2025-03-04 14:25:54,622 INFO     ___FILE_ONLY___ ═
2025-03-04 14:25:54,634 INFO     ___FILE_ONLY___ ═
2025-03-04 14:25:54,646 INFO     ___FILE_ONLY___ ═
2025-03-04 14:25:54,659 INFO     ___FILE_ONLY___ ═
2025-03-04 14:25:54,672 INFO     ___FILE_ONLY___ ═
2025-03-04 14:25:54,684 INFO     ___FILE_ONLY___ ═
2025-03-04 14:25:54,697 INFO     ___FILE_ONLY___ ═
2025-03-04 14:25:54,711 INFO     ___FILE_ONLY___ ═
2025-03-04 14:25:54,723 INFO     ___FILE_ONLY___ ═
2025-03-04 14:25:54,723 INFO     ___FILE_ONLY___ ╝

2025-03-04 14:25:54,776 INFO     ___FILE_ONLY___ ╔════════════════════════════════════════════════════════════╗

2025-03-04 14:25:54,776 INFO     ___FILE_ONLY___ ╠═ Installing: Cloud Storage Command Line Tool              ═╣

2025-03-04 14:25:54,776 INFO     ___FILE_ONLY___ ╚
2025-03-04 14:25:55,326 INFO     ___FILE_ONLY___ ═
2025-03-04 14:25:55,343 INFO     ___FILE_ONLY___ ═
2025-03-04 14:25:55,364 INFO     ___FILE_ONLY___ ═
2025-03-04 14:25:55,381 INFO     ___FILE_ONLY___ ═
2025-03-04 14:25:55,396 INFO     ___FILE_ONLY___ ═
2025-03-04 14:25:55,408 INFO     ___FILE_ONLY___ ═
2025-03-04 14:25:55,423 INFO     ___FILE_ONLY___ ═
2025-03-04 14:25:55,435 INFO     ___FILE_ONLY___ ═
2025-03-04 14:25:55,450 INFO     ___FILE_ONLY___ ═
2025-03-04 14:25:55,463 INFO     ___FILE_ONLY___ ═
2025-03-04 14:25:55,476 INFO     ___FILE_ONLY___ ═
2025-03-04 14:25:55,488 INFO     ___FILE_ONLY___ ═
2025-03-04 14:25:55,498 INFO     ___FILE_ONLY___ ═
2025-03-04 14:25:55,508 INFO     ___FILE_ONLY___ ═
2025-03-04 14:25:55,519 INFO     ___FILE_ONLY___ ═
2025-03-04 14:25:55,529 INFO     ___FILE_ONLY___ ═
2025-03-04 14:25:55,539 INFO     ___FILE_ONLY___ ═
2025-03-04 14:25:55,550 INFO     ___FILE_ONLY___ ═
2025-03-04 14:25:55,561 INFO     ___FILE_ONLY___ ═
2025-03-04 14:25:55,571 INFO     ___FILE_ONLY___ ═
2025-03-04 14:25:55,584 INFO     ___FILE_ONLY___ ═
2025-03-04 14:25:55,598 INFO     ___FILE_ONLY___ ═
2025-03-04 14:25:55,613 INFO     ___FILE_ONLY___ ═
2025-03-04 14:25:55,624 INFO     ___FILE_ONLY___ ═
2025-03-04 14:25:55,636 INFO     ___FILE_ONLY___ ═
2025-03-04 14:25:55,652 INFO     ___FILE_ONLY___ ═
2025-03-04 14:25:55,669 INFO     ___FILE_ONLY___ ═
2025-03-04 14:25:55,688 INFO     ___FILE_ONLY___ ═
2025-03-04 14:25:55,705 INFO     ___FILE_ONLY___ ═
2025-03-04 14:25:55,726 INFO     ___FILE_ONLY___ ═
2025-03-04 14:25:55,737 INFO     ___FILE_ONLY___ ═
2025-03-04 14:25:55,748 INFO     ___FILE_ONLY___ ═
2025-03-04 14:25:55,766 INFO     ___FILE_ONLY___ ═
2025-03-04 14:25:55,779 INFO     ___FILE_ONLY___ ═
2025-03-04 14:25:55,789 INFO     ___FILE_ONLY___ ═
2025-03-04 14:25:55,799 INFO     ___FILE_ONLY___ ═
2025-03-04 14:25:55,809 INFO     ___FILE_ONLY___ ═
2025-03-04 14:25:55,820 INFO     ___FILE_ONLY___ ═
2025-03-04 14:25:55,831 INFO     ___FILE_ONLY___ ═
2025-03-04 14:25:55,843 INFO     ___FILE_ONLY___ ═
2025-03-04 14:25:55,852 INFO     ___FILE_ONLY___ ═
2025-03-04 14:25:55,864 INFO     ___FILE_ONLY___ ═
2025-03-04 14:25:55,873 INFO     ___FILE_ONLY___ ═
2025-03-04 14:25:55,886 INFO     ___FILE_ONLY___ ═
2025-03-04 14:25:55,901 INFO     ___FILE_ONLY___ ═
2025-03-04 14:25:55,913 INFO     ___FILE_ONLY___ ═
2025-03-04 14:25:55,921 INFO     ___FILE_ONLY___ ═
2025-03-04 14:25:55,931 INFO     ___FILE_ONLY___ ═
2025-03-04 14:25:55,941 INFO     ___FILE_ONLY___ ═
2025-03-04 14:25:55,953 INFO     ___FILE_ONLY___ ═
2025-03-04 14:25:55,969 INFO     ___FILE_ONLY___ ═
2025-03-04 14:25:55,980 INFO     ___FILE_ONLY___ ═
2025-03-04 14:25:55,995 INFO     ___FILE_ONLY___ ═
2025-03-04 14:25:56,008 INFO     ___FILE_ONLY___ ═
2025-03-04 14:25:56,042 INFO     ___FILE_ONLY___ ═
2025-03-04 14:25:56,052 INFO     ___FILE_ONLY___ ═
2025-03-04 14:25:56,061 INFO     ___FILE_ONLY___ ═
2025-03-04 14:25:56,071 INFO     ___FILE_ONLY___ ═
2025-03-04 14:25:56,082 INFO     ___FILE_ONLY___ ═
2025-03-04 14:25:56,096 INFO     ___FILE_ONLY___ ═
2025-03-04 14:25:56,096 INFO     ___FILE_ONLY___ ╝

2025-03-04 14:25:56,127 INFO     ___FILE_ONLY___ ╔════════════════════════════════════════════════════════════╗

2025-03-04 14:25:56,127 INFO     ___FILE_ONLY___ ╠═ Installing: Cloud Storage Command Line Tool (Platform... ═╣

2025-03-04 14:25:56,127 INFO     ___FILE_ONLY___ ╚
2025-03-04 14:25:56,128 INFO     ___FILE_ONLY___ ════════════════════════════════════════════════════════════
2025-03-04 14:25:56,128 INFO     ___FILE_ONLY___ ╝

2025-03-04 14:25:56,132 INFO     ___FILE_ONLY___ ╔════════════════════════════════════════════════════════════╗

2025-03-04 14:25:56,133 INFO     ___FILE_ONLY___ ╠═ Installing: Default set of gcloud commands               ═╣

2025-03-04 14:25:56,133 INFO     ___FILE_ONLY___ ╚
2025-03-04 14:25:56,135 INFO     ___FILE_ONLY___ ════════════════════════════════════════════════════════════
2025-03-04 14:25:56,135 INFO     ___FILE_ONLY___ ╝

2025-03-04 14:25:56,137 INFO     ___FILE_ONLY___ ╔════════════════════════════════════════════════════════════╗

2025-03-04 14:25:56,137 INFO     ___FILE_ONLY___ ╠═ Installing: Google Cloud CLI Core Libraries (Platform... ═╣

2025-03-04 14:25:56,137 INFO     ___FILE_ONLY___ ╚
2025-03-04 14:25:56,138 INFO     ___FILE_ONLY___ ══════════════════════════════
2025-03-04 14:25:56,138 INFO     ___FILE_ONLY___ ══════════════════════════════
2025-03-04 14:25:56,138 INFO     ___FILE_ONLY___ ╝

2025-03-04 14:25:56,142 INFO     ___FILE_ONLY___ ╔════════════════════════════════════════════════════════════╗

2025-03-04 14:25:56,142 INFO     ___FILE_ONLY___ ╠═ Installing: Google Cloud CRC32C Hash Tool                ═╣

2025-03-04 14:25:56,142 INFO     ___FILE_ONLY___ ╚
2025-03-04 14:25:56,145 INFO     ___FILE_ONLY___ ════════════════════════════════════════════════════════════
2025-03-04 14:25:56,145 INFO     ___FILE_ONLY___ ╝

2025-03-04 14:25:56,146 INFO     ___FILE_ONLY___ ╔════════════════════════════════════════════════════════════╗

2025-03-04 14:25:56,147 INFO     ___FILE_ONLY___ ╠═ Installing: Google Cloud CRC32C Hash Tool (Platform S... ═╣

2025-03-04 14:25:56,147 INFO     ___FILE_ONLY___ ╚
2025-03-04 14:25:56,184 INFO     ___FILE_ONLY___ ══════════════════════════════
2025-03-04 14:25:56,185 INFO     ___FILE_ONLY___ ══════════════════════════════
2025-03-04 14:25:56,185 INFO     ___FILE_ONLY___ ╝

2025-03-04 14:25:56,234 INFO     ___FILE_ONLY___ ╔════════════════════════════════════════════════════════════╗

2025-03-04 14:25:56,234 INFO     ___FILE_ONLY___ ╠═ Installing: gcloud cli dependencies (Platform Specific)  ═╣

2025-03-04 14:25:56,234 INFO     ___FILE_ONLY___ ╚
2025-03-04 14:25:56,234 INFO     ___FILE_ONLY___ ════════════════════════════════════════════════════════════
2025-03-04 14:25:56,234 INFO     ___FILE_ONLY___ ╝

2025-03-04 14:25:56,239 DEBUG    root            Updating notification cache...
2025-03-04 14:25:56,240 INFO     ___FILE_ONLY___ 

2025-03-04 14:25:56,241 INFO     ___FILE_ONLY___ Performing post processing steps...
2025-03-04 14:25:56,242 DEBUG    root            Executing command: ['/tools/google-cloud-sdk/bin/gcloud', 'components', 'post-process']
2025-03-04 14:26:05,115 DEBUG    ___FILE_ONLY___ 
2025-03-04 14:26:05,115 DEBUG    ___FILE_ONLY___ 
2025-03-04 14:26:05,337 INFO     root            descriptor_list: [{'universeDomain': 'googleapis.com', 'universeShortName': '', 'authenticationDomain': 'auth.cloud.google.com', 'projectPrefix': '', 'cloudWebDomain': 'cloud.google.com', 'documentationDomain': 'cloud.google.com', 'version': '1.0.0', 'state': 'primary'}]
2025-03-04 14:26:05,338 INFO     ___FILE_ONLY___ 
Update done!


2025-03-04 14:26:05,341 DEBUG    root            Chosen display Format:none
2025-03-04 14:26:05,341 INFO     root            Display format: "none"
