2025-03-04 14:26:05,980 DEBUG    root            Loaded Command Group: ['gcloud', 'components']
2025-03-04 14:26:05,982 DEBUG    root            Loaded Command Group: ['gcloud', 'components', 'update']
2025-03-04 14:26:05,983 DEBUG    root            Running [gcloud.components.update] with arguments: [--quiet: "True", COMPONENT-IDS:8: "['gcloud', 'core', 'bq', 'gsutil', 'compute', 'preview', 'alpha', 'beta']"]
2025-03-04 14:26:05,984 INFO     ___FILE_ONLY___ Beginning update. This process may take several minutes.

2025-03-04 14:26:05,993 DEBUG    urllib3.connectionpool Starting new HTTPS connection (1): dl.google.com:443
2025-03-04 14:26:06,200 DEBUG    urllib3.connectionpool https://dl.google.com:443 "GET /dl/cloudsdk/channels/rapid/components-2.json HTTP/11" 200 226132
2025-03-04 14:26:06,216 WARNING  root            Component [compute] no longer exists.
2025-03-04 14:26:06,217 INFO     ___FILE_ONLY___ 

2025-03-04 14:26:06,217 INFO     ___FILE_ONLY___ 
Your current Google Cloud CLI version is: 512.0.0

2025-03-04 14:26:06,217 INFO     ___FILE_ONLY___ Installing components from version: 512.0.0

2025-03-04 14:26:06,217 INFO     ___FILE_ONLY___ 

2025-03-04 14:26:06,217 DEBUG    root            Chosen display Format:table[box,title="These components will be removed."](details.display_name:label=Name:align=left,version.version_string:label=Version:align=right,data.size.size(zero="",min=1048576):label=Size:align=right)
2025-03-04 14:26:06,218 DEBUG    root            Chosen display Format:table[box,title="These components will be updated."](details.display_name:label=Name:align=left,version.version_string:label=Version:align=right,data.size.size(zero="",min=1048576):label=Size:align=right)
2025-03-04 14:26:06,218 DEBUG    root            Chosen display Format:table[box,title="These components will be installed."](details.display_name:label=Name:align=left,version.version_string:label=Version:align=right,data.size.size(zero="",min=1048576):label=Size:align=right)
2025-03-04 14:26:06,233 INFO     ___FILE_ONLY___ ┌────────────────────────────────────────────────┐
2025-03-04 14:26:06,235 INFO     ___FILE_ONLY___ 

2025-03-04 14:26:06,235 INFO     ___FILE_ONLY___ │      These components will be installed.       │
2025-03-04 14:26:06,235 INFO     ___FILE_ONLY___ 

2025-03-04 14:26:06,236 INFO     ___FILE_ONLY___ ├─────────────────────────┬────────────┬─────────┤
2025-03-04 14:26:06,236 INFO     ___FILE_ONLY___ 

2025-03-04 14:26:06,236 INFO     ___FILE_ONLY___ │           Name          │  Version   │   Size  │
2025-03-04 14:26:06,236 INFO     ___FILE_ONLY___ 

2025-03-04 14:26:06,236 INFO     ___FILE_ONLY___ ├─────────────────────────┼────────────┼─────────┤
2025-03-04 14:26:06,236 INFO     ___FILE_ONLY___ 

2025-03-04 14:26:06,236 INFO     ___FILE_ONLY___ │ 
2025-03-04 14:26:06,236 INFO     ___FILE_ONLY___ gcloud Alpha Commands  
2025-03-04 14:26:06,236 INFO     ___FILE_ONLY___  
2025-03-04 14:26:06,236 INFO     ___FILE_ONLY___ │ 
2025-03-04 14:26:06,236 INFO     ___FILE_ONLY___ 2025.02.21
2025-03-04 14:26:06,236 INFO     ___FILE_ONLY___  
2025-03-04 14:26:06,236 INFO     ___FILE_ONLY___ │ 
2025-03-04 14:26:06,236 INFO     ___FILE_ONLY___ < 1 MiB
2025-03-04 14:26:06,236 INFO     ___FILE_ONLY___  
2025-03-04 14:26:06,236 INFO     ___FILE_ONLY___ │
2025-03-04 14:26:06,236 INFO     ___FILE_ONLY___ 

2025-03-04 14:26:06,236 INFO     ___FILE_ONLY___ │ 
2025-03-04 14:26:06,236 INFO     ___FILE_ONLY___ gcloud Beta Commands   
2025-03-04 14:26:06,236 INFO     ___FILE_ONLY___  
2025-03-04 14:26:06,236 INFO     ___FILE_ONLY___ │ 
2025-03-04 14:26:06,237 INFO     ___FILE_ONLY___ 2025.02.21
2025-03-04 14:26:06,237 INFO     ___FILE_ONLY___  
2025-03-04 14:26:06,237 INFO     ___FILE_ONLY___ │ 
2025-03-04 14:26:06,237 INFO     ___FILE_ONLY___ < 1 MiB
2025-03-04 14:26:06,237 INFO     ___FILE_ONLY___  
2025-03-04 14:26:06,237 INFO     ___FILE_ONLY___ │
2025-03-04 14:26:06,237 INFO     ___FILE_ONLY___ 

2025-03-04 14:26:06,237 INFO     ___FILE_ONLY___ │ 
2025-03-04 14:26:06,237 INFO     ___FILE_ONLY___ gcloud Preview Commands
2025-03-04 14:26:06,237 INFO     ___FILE_ONLY___  
2025-03-04 14:26:06,237 INFO     ___FILE_ONLY___ │ 
2025-03-04 14:26:06,237 INFO     ___FILE_ONLY___           
2025-03-04 14:26:06,238 INFO     ___FILE_ONLY___  
2025-03-04 14:26:06,238 INFO     ___FILE_ONLY___ │ 
2025-03-04 14:26:06,238 INFO     ___FILE_ONLY___ < 1 MiB
2025-03-04 14:26:06,238 INFO     ___FILE_ONLY___  
2025-03-04 14:26:06,238 INFO     ___FILE_ONLY___ │
2025-03-04 14:26:06,238 INFO     ___FILE_ONLY___ 

2025-03-04 14:26:06,238 INFO     ___FILE_ONLY___ └─────────────────────────┴────────────┴─────────┘
2025-03-04 14:26:06,238 INFO     ___FILE_ONLY___ 

2025-03-04 14:26:06,238 INFO     ___FILE_ONLY___ 

2025-03-04 14:26:06,241 DEBUG    urllib3.connectionpool Starting new HTTPS connection (1): dl.google.com:443
2025-03-04 14:26:07,427 DEBUG    urllib3.connectionpool https://dl.google.com:443 "GET /dl/cloudsdk/channels/rapid/RELEASE_NOTES HTTP/11" 200 1370893
2025-03-04 14:26:07,875 INFO     ___FILE_ONLY___ For the latest full release notes, please visit:
  https://cloud.google.com/sdk/release_notes


2025-03-04 14:26:07,876 INFO     ___FILE_ONLY___ Performing in place update...


2025-03-04 14:26:07,878 INFO     ___FILE_ONLY___ ╔════════════════════════════════════════════════════════════╗

2025-03-04 14:26:07,878 INFO     ___FILE_ONLY___ ╠═ Downloading: gcloud Alpha Commands                       ═╣

2025-03-04 14:26:07,878 INFO     ___FILE_ONLY___ ╚
2025-03-04 14:26:07,881 DEBUG    urllib3.connectionpool Starting new HTTPS connection (1): dl.google.com:443
2025-03-04 14:26:08,934 DEBUG    urllib3.connectionpool https://dl.google.com:443 "GET /dl/cloudsdk/channels/rapid/components/google-cloud-sdk-alpha-20250221145621.tar.gz HTTP/11" 200 800
2025-03-04 14:26:08,935 INFO     ___FILE_ONLY___ ════════════════════════════════════════════════════════════
2025-03-04 14:26:08,935 INFO     ___FILE_ONLY___ ╝

2025-03-04 14:26:08,937 INFO     ___FILE_ONLY___ ╔════════════════════════════════════════════════════════════╗

2025-03-04 14:26:08,937 INFO     ___FILE_ONLY___ ╠═ Downloading: gcloud Beta Commands                        ═╣

2025-03-04 14:26:08,937 INFO     ___FILE_ONLY___ ╚
2025-03-04 14:26:08,940 DEBUG    urllib3.connectionpool Starting new HTTPS connection (1): dl.google.com:443
2025-03-04 14:26:09,977 DEBUG    urllib3.connectionpool https://dl.google.com:443 "GET /dl/cloudsdk/channels/rapid/components/google-cloud-sdk-beta-20250221145621.tar.gz HTTP/11" 200 797
2025-03-04 14:26:09,977 INFO     ___FILE_ONLY___ ════════════════════════════════════════════════════════════
2025-03-04 14:26:09,978 INFO     ___FILE_ONLY___ ╝

2025-03-04 14:26:09,980 INFO     ___FILE_ONLY___ ╔════════════════════════════════════════════════════════════╗

2025-03-04 14:26:09,980 INFO     ___FILE_ONLY___ ╠═ Downloading: gcloud Preview Commands                     ═╣

2025-03-04 14:26:09,980 INFO     ___FILE_ONLY___ ╚
2025-03-04 14:26:09,983 DEBUG    urllib3.connectionpool Starting new HTTPS connection (1): dl.google.com:443
2025-03-04 14:26:10,209 DEBUG    urllib3.connectionpool https://dl.google.com:443 "GET /dl/cloudsdk/channels/rapid/components/google-cloud-sdk-preview-20241115154308.tar.gz HTTP/11" 200 823
2025-03-04 14:26:10,210 INFO     ___FILE_ONLY___ ════════════════════════════════════════════════════════════
2025-03-04 14:26:10,210 INFO     ___FILE_ONLY___ ╝

2025-03-04 14:26:10,212 INFO     ___FILE_ONLY___ ╔════════════════════════════════════════════════════════════╗

2025-03-04 14:26:10,212 INFO     ___FILE_ONLY___ ╠═ Installing: gcloud Alpha Commands                        ═╣

2025-03-04 14:26:10,212 INFO     ___FILE_ONLY___ ╚
2025-03-04 14:26:10,213 INFO     ___FILE_ONLY___ ════════════════════════════════════════════════════════════
2025-03-04 14:26:10,213 INFO     ___FILE_ONLY___ ╝

2025-03-04 14:26:10,218 INFO     ___FILE_ONLY___ ╔════════════════════════════════════════════════════════════╗

2025-03-04 14:26:10,218 INFO     ___FILE_ONLY___ ╠═ Installing: gcloud Beta Commands                         ═╣

2025-03-04 14:26:10,218 INFO     ___FILE_ONLY___ ╚
2025-03-04 14:26:10,219 INFO     ___FILE_ONLY___ ════════════════════════════════════════════════════════════
2025-03-04 14:26:10,219 INFO     ___FILE_ONLY___ ╝

2025-03-04 14:26:10,223 INFO     ___FILE_ONLY___ ╔════════════════════════════════════════════════════════════╗

2025-03-04 14:26:10,224 INFO     ___FILE_ONLY___ ╠═ Installing: gcloud Preview Commands                      ═╣

2025-03-04 14:26:10,224 INFO     ___FILE_ONLY___ ╚
2025-03-04 14:26:10,224 INFO     ___FILE_ONLY___ ════════════════════════════════════════════════════════════
2025-03-04 14:26:10,224 INFO     ___FILE_ONLY___ ╝

2025-03-04 14:26:10,229 DEBUG    root            Updating notification cache...
2025-03-04 14:26:10,229 INFO     ___FILE_ONLY___ 

2025-03-04 14:26:10,231 INFO     ___FILE_ONLY___ Performing post processing steps...
2025-03-04 14:26:10,231 DEBUG    root            Executing command: ['/tools/google-cloud-sdk/bin/gcloud', 'components', 'post-process']
2025-03-04 14:26:18,609 DEBUG    ___FILE_ONLY___ 
2025-03-04 14:26:18,610 DEBUG    ___FILE_ONLY___ 
2025-03-04 14:26:18,746 INFO     root            descriptor_list: [{'universeDomain': 'googleapis.com', 'universeShortName': '', 'authenticationDomain': 'auth.cloud.google.com', 'projectPrefix': '', 'cloudWebDomain': 'cloud.google.com', 'documentationDomain': 'cloud.google.com', 'version': '1.0.0', 'state': 'primary'}]
2025-03-04 14:26:18,747 INFO     ___FILE_ONLY___ 
Update done!


2025-03-04 14:26:18,749 DEBUG    root            Chosen display Format:none
2025-03-04 14:26:18,749 INFO     root            Display format: "none"
